make --dry-run --always-make --keep-going --print-directory
make: Entering directory `/Users/V/Documents/42/summer22/oldminishell/simpleMinishell/v4'
mkdir -p ./build
mkdir -p ./build/bin
mkdir -p ./build/obj
mkdir -p build/obj/char/
gcc -Werror -Wall -Wextra -g -fsanitize=address -I./includes -c sources/char/is_alpha.c -o  build/obj/char/is_alpha.o
echo "\033[38;5;46m/\033[0m\c"
mkdir -p build/obj/char/
gcc -Werror -Wall -Wextra -g -fsanitize=address -I./includes -c sources/char/is_lowercase.c -o  build/obj/char/is_lowercase.o
echo "\033[38;5;46m/\033[0m\c"
mkdir -p build/obj/char/
gcc -Werror -Wall -Wextra -g -fsanitize=address -I./includes -c sources/char/is_uppercase.c -o  build/obj/char/is_uppercase.o
echo "\033[38;5;46m/\033[0m\c"
mkdir -p build/obj/char/
gcc -Werror -Wall -Wextra -g -fsanitize=address -I./includes -c sources/char/is_whitespace.c -o  build/obj/char/is_whitespace.o
echo "\033[38;5;46m/\033[0m\c"
mkdir -p build/obj/char/
gcc -Werror -Wall -Wextra -g -fsanitize=address -I./includes -c sources/char/is_special_parse.c -o  build/obj/char/is_special_parse.o
echo "\033[38;5;46m/\033[0m\c"
mkdir -p build/obj/char/
gcc -Werror -Wall -Wextra -g -fsanitize=address -I./includes -c sources/char/reference.c -o  build/obj/char/reference.o
echo "\033[38;5;46m/\033[0m\c"
mkdir -p build/obj/char/
gcc -Werror -Wall -Wextra -g -fsanitize=address -I./includes -c sources/char/to_lower.c -o  build/obj/char/to_lower.o
echo "\033[38;5;46m/\033[0m\c"
mkdir -p build/obj/char/
gcc -Werror -Wall -Wextra -g -fsanitize=address -I./includes -c sources/char/to_upper.c -o  build/obj/char/to_upper.o
echo "\033[38;5;46m/\033[0m\c"
mkdir -p build/obj/command/
gcc -Werror -Wall -Wextra -g -fsanitize=address -I./includes -c sources/command/add.c -o  build/obj/command/add.o
echo "\033[38;5;46m/\033[0m\c"
mkdir -p build/obj/command/
gcc -Werror -Wall -Wextra -g -fsanitize=address -I./includes -c sources/command/cd.c -o  build/obj/command/cd.o
echo "\033[38;5;46m/\033[0m\c"
mkdir -p build/obj/command/
gcc -Werror -Wall -Wextra -g -fsanitize=address -I./includes -c sources/command/create.c -o  build/obj/command/create.o
echo "\033[38;5;46m/\033[0m\c"
mkdir -p build/obj/command/
gcc -Werror -Wall -Wextra -g -fsanitize=address -I./includes -c sources/command/delete.c -o  build/obj/command/delete.o
echo "\033[38;5;46m/\033[0m\c"
mkdir -p build/obj/command/
gcc -Werror -Wall -Wextra -g -fsanitize=address -I./includes -c sources/command/echo.c -o  build/obj/command/echo.o
echo "\033[38;5;46m/\033[0m\c"
mkdir -p build/obj/command/
gcc -Werror -Wall -Wextra -g -fsanitize=address -I./includes -c sources/command/execute.c -o  build/obj/command/execute.o
echo "\033[38;5;46m/\033[0m\c"
mkdir -p build/obj/command/
gcc -Werror -Wall -Wextra -g -fsanitize=address -I./includes -c sources/command/export.c -o  build/obj/command/export.o
echo "\033[38;5;46m/\033[0m\c"
mkdir -p build/obj/command/
gcc -Werror -Wall -Wextra -g -fsanitize=address -I./includes -c sources/command/function.c -o  build/obj/command/function.o
echo "\033[38;5;46m/\033[0m\c"
mkdir -p build/obj/command/
gcc -Werror -Wall -Wextra -g -fsanitize=address -I./includes -c sources/command/g.c -o  build/obj/command/g.o
echo "\033[38;5;46m/\033[0m\c"
mkdir -p build/obj/command/
gcc -Werror -Wall -Wextra -g -fsanitize=address -I./includes -c sources/command/greater_than.c -o  build/obj/command/greater_than.o
echo "\033[38;5;46m/\033[0m\c"
mkdir -p build/obj/command/
gcc -Werror -Wall -Wextra -g -fsanitize=address -I./includes -c sources/command/more_greater_than.c -o  build/obj/command/more_greater_than.o
echo "\033[38;5;46m/\033[0m\c"
mkdir -p build/obj/command/
gcc -Werror -Wall -Wextra -g -fsanitize=address -I./includes -c sources/command/name.c -o  build/obj/command/name.o
echo "\033[38;5;46m/\033[0m\c"
mkdir -p build/obj/command/
gcc -Werror -Wall -Wextra -g -fsanitize=address -I./includes -c sources/command/pre_function.c -o  build/obj/command/pre_function.o
echo "\033[38;5;46m/\033[0m\c"
mkdir -p build/obj/command/
gcc -Werror -Wall -Wextra -g -fsanitize=address -I./includes -c sources/command/reference.c -o  build/obj/command/reference.o
echo "\033[38;5;46m/\033[0m\c"
mkdir -p build/obj/command/
gcc -Werror -Wall -Wextra -g -fsanitize=address -I./includes -c sources/command/system.c -o  build/obj/command/system.o
echo "\033[38;5;46m/\033[0m\c"
mkdir -p build/obj/command/
gcc -Werror -Wall -Wextra -g -fsanitize=address -I./includes -c sources/command/token.c -o  build/obj/command/token.o
echo "\033[38;5;46m/\033[0m\c"
mkdir -p build/obj/command/
gcc -Werror -Wall -Wextra -g -fsanitize=address -I./includes -c sources/command/unset.c -o  build/obj/command/unset.o
echo "\033[38;5;46m/\033[0m\c"
mkdir -p build/obj/env/
gcc -Werror -Wall -Wextra -g -fsanitize=address -I./includes -c sources/env/add.c -o  build/obj/env/add.o
echo "\033[38;5;46m/\033[0m\c"
mkdir -p build/obj/env/
gcc -Werror -Wall -Wextra -g -fsanitize=address -I./includes -c sources/env/create.c -o  build/obj/env/create.o
echo "\033[38;5;46m/\033[0m\c"
mkdir -p build/obj/env/
gcc -Werror -Wall -Wextra -g -fsanitize=address -I./includes -c sources/env/get.c -o  build/obj/env/get.o
echo "\033[38;5;46m/\033[0m\c"
mkdir -p build/obj/env/
gcc -Werror -Wall -Wextra -g -fsanitize=address -I./includes -c sources/env/reference.c -o  build/obj/env/reference.o
echo "\033[38;5;46m/\033[0m\c"
mkdir -p build/obj/env/
gcc -Werror -Wall -Wextra -g -fsanitize=address -I./includes -c sources/env/size.c -o  build/obj/env/size.o
echo "\033[38;5;46m/\033[0m\c"
mkdir -p build/obj/env/
gcc -Werror -Wall -Wextra -g -fsanitize=address -I./includes -c sources/env/to_double_pointer.c -o  build/obj/env/to_double_pointer.o
echo "\033[38;5;46m/\033[0m\c"
mkdir -p build/obj/file/
gcc -Werror -Wall -Wextra -g -fsanitize=address -I./includes -c sources/file/close.c -o  build/obj/file/close.o
echo "\033[38;5;46m/\033[0m\c"
mkdir -p build/obj/file/
gcc -Werror -Wall -Wextra -g -fsanitize=address -I./includes -c sources/file/create.c -o  build/obj/file/create.o
echo "\033[38;5;46m/\033[0m\c"
mkdir -p build/obj/file/
gcc -Werror -Wall -Wextra -g -fsanitize=address -I./includes -c sources/file/reference.c -o  build/obj/file/reference.o
echo "\033[38;5;46m/\033[0m\c"
mkdir -p build/obj/memory/
gcc -Werror -Wall -Wextra -g -fsanitize=address -I./includes -c sources/memory/add.c -o  build/obj/memory/add.o
echo "\033[38;5;46m/\033[0m\c"
mkdir -p build/obj/memory/
gcc -Werror -Wall -Wextra -g -fsanitize=address -I./includes -c sources/memory/calloc.c -o  build/obj/memory/calloc.o
echo "\033[38;5;46m/\033[0m\c"
mkdir -p build/obj/memory/
gcc -Werror -Wall -Wextra -g -fsanitize=address -I./includes -c sources/memory/copy.c -o  build/obj/memory/copy.o
echo "\033[38;5;46m/\033[0m\c"
mkdir -p build/obj/memory/
gcc -Werror -Wall -Wextra -g -fsanitize=address -I./includes -c sources/memory/free.c -o  build/obj/memory/free.o
echo "\033[38;5;46m/\033[0m\c"
mkdir -p build/obj/memory/
gcc -Werror -Wall -Wextra -g -fsanitize=address -I./includes -c sources/memory/malloc.c -o  build/obj/memory/malloc.o
echo "\033[38;5;46m/\033[0m\c"
mkdir -p build/obj/memory/
gcc -Werror -Wall -Wextra -g -fsanitize=address -I./includes -c sources/memory/realloc.c -o  build/obj/memory/realloc.o
echo "\033[38;5;46m/\033[0m\c"
mkdir -p build/obj/memory/
gcc -Werror -Wall -Wextra -g -fsanitize=address -I./includes -c sources/memory/reference.c -o  build/obj/memory/reference.o
echo "\033[38;5;46m/\033[0m\c"
mkdir -p build/obj/memory/
gcc -Werror -Wall -Wextra -g -fsanitize=address -I./includes -c sources/memory/set.c -o  build/obj/memory/set.o
echo "\033[38;5;46m/\033[0m\c"
mkdir -p build/obj/parse/
gcc -Werror -Wall -Wextra -g -fsanitize=address -I./includes -c sources/parse/dquote.c -o  build/obj/parse/dquote.o
echo "\033[38;5;46m/\033[0m\c"
mkdir -p build/obj/parse/
gcc -Werror -Wall -Wextra -g -fsanitize=address -I./includes -c sources/parse/parse.c -o  build/obj/parse/parse.o
echo "\033[38;5;46m/\033[0m\c"
mkdir -p build/obj/parse/
gcc -Werror -Wall -Wextra -g -fsanitize=address -I./includes -c sources/parse/util_array.c -o  build/obj/parse/util_array.o
echo "\033[38;5;46m/\033[0m\c"
mkdir -p build/obj/parse/
 
gcc -Werror -Wall -Wextra -g -fsanitize=address -I./includes -c sources/parse/util_debuging.c -o  build/obj/parse/util_debuging.o
echo "\033[38;5;46m/\033[0m\c"
mkdir -p build/obj/parse/
gcc -Werror -Wall -Wextra -g -fsanitize=address -I./includes -c sources/parse/util_parse.c -o  build/obj/parse/util_parse.o
echo "\033[38;5;46m/\033[0m\c"
mkdir -p build/obj/parse/
gcc -Werror -Wall -Wextra -g -fsanitize=address -I./includes -c sources/parse/util_str.c -o  build/obj/parse/util_str.o
echo "\033[38;5;46m/\033[0m\c"
mkdir -p build/obj/signal/
gcc -Werror -Wall -Wextra -g -fsanitize=address -I./includes -c sources/signal/reference.c -o  build/obj/signal/reference.o
echo "\033[38;5;46m/\033[0m\c"
mkdir -p build/obj/string/
gcc -Werror -Wall -Wextra -g -fsanitize=address -I./includes -c sources/string/copy.c -o  build/obj/string/copy.o
echo "\033[38;5;46m/\033[0m\c"
mkdir -p build/obj/string/
gcc -Werror -Wall -Wextra -g -fsanitize=address -I./includes -c sources/string/dup.c -o  build/obj/string/dup.o
echo "\033[38;5;46m/\033[0m\c"
mkdir -p build/obj/string/
gcc -Werror -Wall -Wextra -g -fsanitize=address -I./includes -c sources/string/equals.c -o  build/obj/string/equals.o
echo "\033[38;5;46m/\033[0m\c"
mkdir -p build/obj/string/
gcc -Werror -Wall -Wextra -g -fsanitize=address -I./includes -c sources/string/is_quote.c -o  build/obj/string/is_quote.o
echo "\033[38;5;46m/\033[0m\c"
mkdir -p build/obj/string/
gcc -Werror -Wall -Wextra -g -fsanitize=address -I./includes -c sources/string/itoa.c -o  build/obj/string/itoa.o
echo "\033[38;5;46m/\033[0m\c"
mkdir -p build/obj/string/
gcc -Werror -Wall -Wextra -g -fsanitize=address -I./includes -c sources/string/length.c -o  build/obj/string/length.o
echo "\033[38;5;46m/\033[0m\c"
mkdir -p build/obj/string/
gcc -Werror -Wall -Wextra -g -fsanitize=address -I./includes -c sources/string/read_line.c -o  build/obj/string/read_line.o
echo "\033[38;5;46m/\033[0m\c"
mkdir -p build/obj/string/
gcc -Werror -Wall -Wextra -g -fsanitize=address -I./includes -c sources/string/reference.c -o  build/obj/string/reference.o
echo "\033[38;5;46m/\033[0m\c"
mkdir -p build/obj/string/
gcc -Werror -Wall -Wextra -g -fsanitize=address -I./includes -c sources/string/split.c -o  build/obj/string/split.o
echo "\033[38;5;46m/\033[0m\c"
mkdir -p build/obj/
gcc -Werror -Wall -Wextra -g -fsanitize=address -I./includes -c sources/minishell.c -o  build/obj/minishell.o
echo "\033[38;5;46m/\033[0m\c"
gcc -Werror -Wall -Wextra -g -fsanitize=address -lreadline build/obj/char/is_alpha.o build/obj/char/is_lowercase.o build/obj/char/is_uppercase.o build/obj/char/is_whitespace.o build/obj/char/is_special_parse.o build/obj/char/reference.o build/obj/char/to_lower.o build/obj/char/to_upper.o build/obj/command/add.o build/obj/command/cd.o build/obj/command/create.o build/obj/command/delete.o build/obj/command/echo.o build/obj/command/execute.o build/obj/command/export.o build/obj/command/function.o build/obj/command/g.o build/obj/command/greater_than.o build/obj/command/more_greater_than.o build/obj/command/name.o build/obj/command/pre_function.o build/obj/command/reference.o build/obj/command/system.o build/obj/command/token.o build/obj/command/unset.o build/obj/env/add.o build/obj/env/create.o build/obj/env/get.o build/obj/env/reference.o build/obj/env/size.o build/obj/env/to_double_pointer.o build/obj/file/close.o build/obj/file/create.o build/obj/file/reference.o build/obj/memory/add.o build/obj/memory/calloc.o build/obj/memory/copy.o build/obj/memory/free.o build/obj/memory/malloc.o build/obj/memory/realloc.o build/obj/memory/reference.o build/obj/memory/set.o build/obj/parse/dquote.o build/obj/parse/parse.o build/obj/parse/util_array.o build/obj/parse/util_debuging.o build/obj/parse/util_parse.o build/obj/parse/util_str.o build/obj/signal/reference.o build/obj/string/copy.o build/obj/string/dup.o build/obj/string/equals.o build/obj/string/is_quote.o build/obj/string/itoa.o build/obj/string/length.o build/obj/string/read_line.o build/obj/string/reference.o build/obj/string/split.o build/obj/minishell.o -o ./build/bin/minishell
make: Leaving directory `/Users/V/Documents/42/summer22/oldminishell/simpleMinishell/v4'
 
